This is pdfTeX, Version 3.14159265-2.6-1.40.20 (TeX Live 2019) (preloaded format=pdflatex 2019.12.6)  27 MAY 2020 23:44
entering extended mode
 restricted \write18 enabled.
 file:line:error style messages enabled.
 %&-line parsing enabled.
**/Users/nikitakulikov/Documents/SWork/ReportAutumn2019/sections/formula.tex
(/Users/nikitakulikov/Documents/SWork/ReportAutumn2019/sections/formula.tex
LaTeX2e <2018-12-01>
(/usr/local/texlive/2019/texmf-dist/tex/latex/extsizes/extreport.cls
Document Class: extreport 1996/10/08 v1.0 Non Standard LaTeX document class
(/usr/local/texlive/2019/texmf-dist/tex/latex/extsizes/size14.clo
File: size14.clo 1999/11/11 v1.4a NON-Standard LaTeX file (size option)
) (/usr/local/texlive/2019/texmf-dist/tex/latex/base/exscale.sty
Package: exscale 2018/09/24 v2.1i Standard LaTeX package exscale
LaTeX Font Info:    Redeclaring symbol font `largesymbols' on input line 57.
LaTeX Font Info:    Overwriting symbol font `largesymbols' in version `normal'
(Font)                  OMX/cmex/m/n --> OMX/cmex/m/n on input line 57.
LaTeX Font Info:    Overwriting symbol font `largesymbols' in version `bold'
(Font)                  OMX/cmex/m/n --> OMX/cmex/m/n on input line 57.
\big@size=\dimen102
)
\c@part=\count80
\c@chapter=\count81
\c@section=\count82
\c@subsection=\count83
\c@subsubsection=\count84
\c@paragraph=\count85
\c@subparagraph=\count86
\c@figure=\count87
\c@table=\count88
\abovecaptionskip=\skip41
\belowcaptionskip=\skip42
\bibindent=\dimen103
) (/usr/local/texlive/2019/texmf-dist/tex/latex/base/inputenc.sty
Package: inputenc 2018/08/11 v1.3c Input encoding file
\inpenc@prehook=\toks14
\inpenc@posthook=\toks15
)

LaTeX Warning: Unused global option(s):
    [russian].

(/Users/nikitakulikov/Documents/SWork/ReportAutumn2019/sections/formula.aux)
\openout1 = `formula.aux'.

LaTeX Font Info:    Checking defaults for OML/cmm/m/it on input line 15.
LaTeX Font Info:    ... okay on input line 15.
LaTeX Font Info:    Checking defaults for T1/cmr/m/n on input line 15.
LaTeX Font Info:    ... okay on input line 15.
LaTeX Font Info:    Checking defaults for OT1/cmr/m/n on input line 15.
LaTeX Font Info:    ... okay on input line 15.
LaTeX Font Info:    Checking defaults for OMS/cmsy/m/n on input line 15.
LaTeX Font Info:    ... okay on input line 15.
LaTeX Font Info:    Checking defaults for OMX/cmex/m/n on input line 15.
LaTeX Font Info:    ... okay on input line 15.
LaTeX Font Info:    Checking defaults for U/cmr/m/n on input line 15.
LaTeX Font Info:    ... okay on input line 15.
LaTeX Font Info:    External font `cmex7' loaded for size
(Font)              <7> on input line 16.


/Users/nikitakulikov/Documents/SWork/ReportAutumn2019/sections/formula.tex:18: LaTeX Error: Environment bmatrix undefined.

See the LaTeX manual or LaTeX Companion for explanation.
Type  H <return>  for immediate help.
 ...                                              
                                                  
l.18         \begin{bmatrix}
                            
Your command was ignored.
Type  I <command> <return>  to replace it with another command,
or  <return>  to continue without it.

/Users/nikitakulikov/Documents/SWork/ReportAutumn2019/sections/formula.tex:19: Misplaced alignment tab character &.
l.19             T       &
                             0       & -  P \kp  /\sqrt{2}   & \sqrt{2} P \k...
I can't figure out why you would want to use a tab mark
here. If you just want an ampersand, the remedy is
simple: Just type `I\&' now. But if some right brace
up above has ended a previous alignment prematurely,
you're probably due for more error messages, and you
might try typing `S' now just to see what is salvageable.

/Users/nikitakulikov/Documents/SWork/ReportAutumn2019/sections/formula.tex:19: Misplaced alignment tab character &.
l.19             T       &   0       &
                                       -  P \kp  /\sqrt{2}   & \sqrt{2} P \k...
I can't figure out why you would want to use a tab mark
here. If you just want an ampersand, the remedy is
simple: Just type `I\&' now. But if some right brace
up above has ended a previous alignment prematurely,
you're probably due for more error messages, and you
might try typing `S' now just to see what is salvageable.

/Users/nikitakulikov/Documents/SWork/ReportAutumn2019/sections/formula.tex:19: Misplaced alignment tab character &.
l.19 ...     &   0       & -  P \kp  /\sqrt{2}   &
                                                   \sqrt{2} P \kz / \sqrt{3}...
I can't figure out why you would want to use a tab mark
here. If you just want an ampersand, the remedy is
simple: Just type `I\&' now. But if some right brace
up above has ended a previous alignment prematurely,
you're probably due for more error messages, and you
might try typing `S' now just to see what is salvageable.

/Users/nikitakulikov/Documents/SWork/ReportAutumn2019/sections/formula.tex:19: Misplaced alignment tab character &.
l.19 ... /\sqrt{2}   & \sqrt{2} P \kz / \sqrt{3} &
                                                   P\km /\sqrt{6}        &  ...
I can't figure out why you would want to use a tab mark
here. If you just want an ampersand, the remedy is
simple: Just type `I\&' now. But if some right brace
up above has ended a previous alignment prematurely,
you're probably due for more error messages, and you
might try typing `S' now just to see what is salvageable.

/Users/nikitakulikov/Documents/SWork/ReportAutumn2019/sections/formula.tex:19: Misplaced alignment tab character &.
l.19 ...P \kz / \sqrt{3} & P\km /\sqrt{6}        &
                                                     0       & -P\kz /\sqrt{...
I can't figure out why you would want to use a tab mark
here. If you just want an ampersand, the remedy is
simple: Just type `I\&' now. But if some right brace
up above has ended a previous alignment prematurely,
you're probably due for more error messages, and you
might try typing `S' now just to see what is salvageable.

/Users/nikitakulikov/Documents/SWork/ReportAutumn2019/sections/formula.tex:19: Misplaced alignment tab character &.
l.19 ...t{3} & P\km /\sqrt{6}        &   0       &
                                                   -P\kz /\sqrt{3}   &   -P\...
I can't figure out why you would want to use a tab mark
here. If you just want an ampersand, the remedy is
simple: Just type `I\&' now. But if some right brace
up above has ended a previous alignment prematurely,
you're probably due for more error messages, and you
might try typing `S' now just to see what is salvageable.

/Users/nikitakulikov/Documents/SWork/ReportAutumn2019/sections/formula.tex:19: Misplaced alignment tab character &.
l.19 ...}        &   0       & -P\kz /\sqrt{3}   &
                                                     -P\km / \sqrt{3}\\
I can't figure out why you would want to use a tab mark
here. If you just want an ampersand, the remedy is
simple: Just type `I\&' now. But if some right brace
up above has ended a previous alignment prematurely,
you're probably due for more error messages, and you
might try typing `S' now just to see what is salvageable.

/Users/nikitakulikov/Documents/SWork/ReportAutumn2019/sections/formula.tex:20: Misplaced alignment tab character &.
l.20             0       &
                             T       &   0                   &   -P\kp /\sqr...
I can't figure out why you would want to use a tab mark
here. If you just want an ampersand, the remedy is
simple: Just type `I\&' now. But if some right brace
up above has ended a previous alignment prematurely,
you're probably due for more error messages, and you
might try typing `S' now just to see what is salvageable.

/Users/nikitakulikov/Documents/SWork/ReportAutumn2019/sections/formula.tex:20: Misplaced alignment tab character &.
l.20             0       &   T       &
                                         0                   &   -P\kp /\sqr...
I can't figure out why you would want to use a tab mark
here. If you just want an ampersand, the remedy is
simple: Just type `I\&' now. But if some right brace
up above has ended a previous alignment prematurely,
you're probably due for more error messages, and you
might try typing `S' now just to see what is salvageable.

/Users/nikitakulikov/Documents/SWork/ReportAutumn2019/sections/formula.tex:20: Misplaced alignment tab character &.
l.20 ...     &   T       &   0                   &
                                                     -P\kp /\sqrt{6}        ...
I can't figure out why you would want to use a tab mark
here. If you just want an ampersand, the remedy is
simple: Just type `I\&' now. But if some right brace
up above has ended a previous alignment prematurely,
you're probably due for more error messages, and you
might try typing `S' now just to see what is salvageable.

/Users/nikitakulikov/Documents/SWork/ReportAutumn2019/sections/formula.tex:20: Misplaced alignment tab character &.
l.20 ...             &   -P\kp /\sqrt{6}         &
                                                     \sqrt{2} P\kz / \sqrt{3...
I can't figure out why you would want to use a tab mark
here. If you just want an ampersand, the remedy is
simple: Just type `I\&' now. But if some right brace
up above has ended a previous alignment prematurely,
you're probably due for more error messages, and you
might try typing `S' now just to see what is salvageable.

/Users/nikitakulikov/Documents/SWork/ReportAutumn2019/sections/formula.tex:20: Misplaced alignment tab character &.
l.20 ...         &   \sqrt{2} P\kz / \sqrt{3}    &
                                                     P\km /\sqrt{2}  &   -P\...
I can't figure out why you would want to use a tab mark
here. If you just want an ampersand, the remedy is
simple: Just type `I\&' now. But if some right brace
up above has ended a previous alignment prematurely,
you're probably due for more error messages, and you
might try typing `S' now just to see what is salvageable.

/Users/nikitakulikov/Documents/SWork/ReportAutumn2019/sections/formula.tex:20: Misplaced alignment tab character &.
l.20 ...} P\kz / \sqrt{3}    &   P\km /\sqrt{2}  &
                                                     -P\kp / \sqrt{3}    & P...
I can't figure out why you would want to use a tab mark
here. If you just want an ampersand, the remedy is
simple: Just type `I\&' now. But if some right brace
up above has ended a previous alignment prematurely,
you're probably due for more error messages, and you
might try typing `S' now just to see what is salvageable.

/Users/nikitakulikov/Documents/SWork/ReportAutumn2019/sections/formula.tex:20: Misplaced alignment tab character &.
l.20 ... P\km /\sqrt{2}  &   -P\kp / \sqrt{3}    &
                                                   P\kz/\sqrt{3}\\
I can't figure out why you would want to use a tab mark
here. If you just want an ampersand, the remedy is
simple: Just type `I\&' now. But if some right brace
up above has ended a previous alignment prematurely,
you're probably due for more error messages, and you
might try typing `S' now just to see what is salvageable.

/Users/nikitakulikov/Documents/SWork/ReportAutumn2019/sections/formula.tex:21: Misplaced alignment tab character &.
l.21             -\km P/\sqrt{2} &
                                   0 & U + V & -\stm & R &   0   & \stm / \s...
I can't figure out why you would want to use a tab mark
here. If you just want an ampersand, the remedy is
simple: Just type `I\&' now. But if some right brace
up above has ended a previous alignment prematurely,
you're probably due for more error messages, and you
might try typing `S' now just to see what is salvageable.

/Users/nikitakulikov/Documents/SWork/ReportAutumn2019/sections/formula.tex:21: Misplaced alignment tab character &.
l.21             -\km P/\sqrt{2} & 0 &
                                       U + V & -\stm & R &   0   & \stm / \s...
I can't figure out why you would want to use a tab mark
here. If you just want an ampersand, the remedy is
simple: Just type `I\&' now. But if some right brace
up above has ended a previous alignment prematurely,
you're probably due for more error messages, and you
might try typing `S' now just to see what is salvageable.

/Users/nikitakulikov/Documents/SWork/ReportAutumn2019/sections/formula.tex:21: Misplaced alignment tab character &.
l.21             -\km P/\sqrt{2} & 0 & U + V &
                                               -\stm & R &   0   & \stm / \s...
I can't figure out why you would want to use a tab mark
here. If you just want an ampersand, the remedy is
simple: Just type `I\&' now. But if some right brace
up above has ended a previous alignment prematurely,
you're probably due for more error messages, and you
might try typing `S' now just to see what is salvageable.

/Users/nikitakulikov/Documents/SWork/ReportAutumn2019/sections/formula.tex:21: Misplaced alignment tab character &.
l.21 ...     -\km P/\sqrt{2} & 0 & U + V & -\stm &
                                                   R &   0   & \stm / \sqrt{...
I can't figure out why you would want to use a tab mark
here. If you just want an ampersand, the remedy is
simple: Just type `I\&' now. But if some right brace
up above has ended a previous alignment prematurely,
you're probably due for more error messages, and you
might try typing `S' now just to see what is salvageable.

/Users/nikitakulikov/Documents/SWork/ReportAutumn2019/sections/formula.tex:21: Misplaced alignment tab character &.
l.21 ... -\km P/\sqrt{2} & 0 & U + V & -\stm & R &
                                                     0   & \stm / \sqrt{2}  ...
I can't figure out why you would want to use a tab mark
here. If you just want an ampersand, the remedy is
simple: Just type `I\&' now. But if some right brace
up above has ended a previous alignment prematurely,
you're probably due for more error messages, and you
might try typing `S' now just to see what is salvageable.

/Users/nikitakulikov/Documents/SWork/ReportAutumn2019/sections/formula.tex:21: Misplaced alignment tab character &.
l.21 ...\sqrt{2} & 0 & U + V & -\stm & R &   0   &
                                                   \stm / \sqrt{2}   & -\sqr...
I can't figure out why you would want to use a tab mark
here. If you just want an ampersand, the remedy is
simple: Just type `I\&' now. But if some right brace
up above has ended a previous alignment prematurely,
you're probably due for more error messages, and you
might try typing `S' now just to see what is salvageable.

/Users/nikitakulikov/Documents/SWork/ReportAutumn2019/sections/formula.tex:21: Misplaced alignment tab character &.
l.21 ... & -\stm & R &   0   & \stm / \sqrt{2}   &
                                                   -\sqrt{2} R\\
I can't figure out why you would want to use a tab mark
here. If you just want an ampersand, the remedy is
simple: Just type `I\&' now. But if some right brace
up above has ended a previous alignment prematurely,
you're probably due for more error messages, and you
might try typing `S' now just to see what is salvageable.

/Users/nikitakulikov/Documents/SWork/ReportAutumn2019/sections/formula.tex:22: Misplaced alignment tab character &.
l.22             \sqrt{2} \kz P  &
                                   -\km P /\sqrt{6}  &   -\stm^\dagger   & U...
I can't figure out why you would want to use a tab mark
here. If you just want an ampersand, the remedy is
simple: Just type `I\&' now. But if some right brace
up above has ended a previous alignment prematurely,
you're probably due for more error messages, and you
might try typing `S' now just to see what is salvageable.

/Users/nikitakulikov/Documents/SWork/ReportAutumn2019/sections/formula.tex:22: Misplaced alignment tab character &.
l.22 ...     \sqrt{2} \kz P  & -\km P /\sqrt{6}  &
                                                     -\stm^\dagger   & U-V  ...
I can't figure out why you would want to use a tab mark
here. If you just want an ampersand, the remedy is
simple: Just type `I\&' now. But if some right brace
up above has ended a previous alignment prematurely,
you're probably due for more error messages, and you
might try typing `S' now just to see what is salvageable.

/Users/nikitakulikov/Documents/SWork/ReportAutumn2019/sections/formula.tex:22: Misplaced alignment tab character &.
l.22 ... & -\km P /\sqrt{6}  &   -\stm^\dagger   &
                                                   U-V   &   C   &   R   & \...
I can't figure out why you would want to use a tab mark
here. If you just want an ampersand, the remedy is
simple: Just type `I\&' now. But if some right brace
up above has ended a previous alignment prematurely,
you're probably due for more error messages, and you
might try typing `S' now just to see what is salvageable.

/Users/nikitakulikov/Documents/SWork/ReportAutumn2019/sections/formula.tex:22: Misplaced alignment tab character &.
l.22 ...P /\sqrt{6}  &   -\stm^\dagger   & U-V   &
                                                     C   &   R   & \sqrt{2} ...
I can't figure out why you would want to use a tab mark
here. If you just want an ampersand, the remedy is
simple: Just type `I\&' now. But if some right brace
up above has ended a previous alignment prematurely,
you're probably due for more error messages, and you
might try typing `S' now just to see what is salvageable.

/Users/nikitakulikov/Documents/SWork/ReportAutumn2019/sections/formula.tex:22: Misplaced alignment tab character &.
l.22 ...{6}  &   -\stm^\dagger   & U-V   &   C   &
                                                     R   & \sqrt{2} V & -\sq...
I can't figure out why you would want to use a tab mark
here. If you just want an ampersand, the remedy is
simple: Just type `I\&' now. But if some right brace
up above has ended a previous alignment prematurely,
you're probably due for more error messages, and you
might try typing `S' now just to see what is salvageable.

/Users/nikitakulikov/Documents/SWork/ReportAutumn2019/sections/formula.tex:22: Misplaced alignment tab character &.
l.22 ... -\stm^\dagger   & U-V   &   C   &   R   &
                                                   \sqrt{2} V & -\sqrt{3} \s...
I can't figure out why you would want to use a tab mark
here. If you just want an ampersand, the remedy is
simple: Just type `I\&' now. But if some right brace
up above has ended a previous alignment prematurely,
you're probably due for more error messages, and you
might try typing `S' now just to see what is salvageable.

/Users/nikitakulikov/Documents/SWork/ReportAutumn2019/sections/formula.tex:22: Misplaced alignment tab character &.
l.22 ...r   & U-V   &   C   &   R   & \sqrt{2} V &
                                                   -\sqrt{3} \swm /\sqrt{2}\\
I can't figure out why you would want to use a tab mark
here. If you just want an ampersand, the remedy is
simple: Just type `I\&' now. But if some right brace
up above has ended a previous alignment prematurely,
you're probably due for more error messages, and you
might try typing `S' now just to see what is salvageable.

/Users/nikitakulikov/Documents/SWork/ReportAutumn2019/sections/formula.tex:23: Misplaced alignment tab character &.
l.23             \kp P /\sqrt{6} &
                                   \sqrt{2} \kz P /\sqrt{3}  & R^\dagger & C...
I can't figure out why you would want to use a tab mark
here. If you just want an ampersand, the remedy is
simple: Just type `I\&' now. But if some right brace
up above has ended a previous alignment prematurely,
you're probably due for more error messages, and you
might try typing `S' now just to see what is salvageable.

/Users/nikitakulikov/Documents/SWork/ReportAutumn2019/sections/formula.tex:23: Misplaced alignment tab character &.
l.23 ... P /\sqrt{6} & \sqrt{2} \kz P /\sqrt{3}  &
                                                   R^\dagger & C^\dagger & U...
I can't figure out why you would want to use a tab mark
here. If you just want an ampersand, the remedy is
simple: Just type `I\&' now. But if some right brace
up above has ended a previous alignment prematurely,
you're probably due for more error messages, and you
might try typing `S' now just to see what is salvageable.

/Users/nikitakulikov/Documents/SWork/ReportAutumn2019/sections/formula.tex:23: Misplaced alignment tab character &.
l.23 ... & \sqrt{2} \kz P /\sqrt{3}  & R^\dagger &
                                                   C^\dagger & U - V & \stp^...
I can't figure out why you would want to use a tab mark
here. If you just want an ampersand, the remedy is
simple: Just type `I\&' now. But if some right brace
up above has ended a previous alignment prematurely,
you're probably due for more error messages, and you
might try typing `S' now just to see what is salvageable.

/Users/nikitakulikov/Documents/SWork/ReportAutumn2019/sections/formula.tex:23: Misplaced alignment tab character &.
l.23 ...\kz P /\sqrt{3}  & R^\dagger & C^\dagger &
                                                   U - V & \stp^\dagger  & -...
I can't figure out why you would want to use a tab mark
here. If you just want an ampersand, the remedy is
simple: Just type `I\&' now. But if some right brace
up above has ended a previous alignment prematurely,
you're probably due for more error messages, and you
might try typing `S' now just to see what is salvageable.

/Users/nikitakulikov/Documents/SWork/ReportAutumn2019/sections/formula.tex:23: Misplaced alignment tab character &.
l.23 ...sqrt{3}  & R^\dagger & C^\dagger & U - V &
                                                   \stp^\dagger  & - \sqrt{3...
I can't figure out why you would want to use a tab mark
here. If you just want an ampersand, the remedy is
simple: Just type `I\&' now. But if some right brace
up above has ended a previous alignment prematurely,
you're probably due for more error messages, and you
might try typing `S' now just to see what is salvageable.

/Users/nikitakulikov/Documents/SWork/ReportAutumn2019/sections/formula.tex:23: Misplaced alignment tab character &.
l.23 ...gger & C^\dagger & U - V & \stp^\dagger  &
                                                   - \sqrt{3} \swp /\sqrt{2}...
I can't figure out why you would want to use a tab mark
here. If you just want an ampersand, the remedy is
simple: Just type `I\&' now. But if some right brace
up above has ended a previous alignment prematurely,
you're probably due for more error messages, and you
might try typing `S' now just to see what is salvageable.

/Users/nikitakulikov/Documents/SWork/ReportAutumn2019/sections/formula.tex:23: Misplaced alignment tab character &.
l.23 ...stp^\dagger  & - \sqrt{3} \swp /\sqrt{2} &
                                                   - \sqrt{2} V\\
I can't figure out why you would want to use a tab mark
here. If you just want an ampersand, the remedy is
simple: Just type `I\&' now. But if some right brace
up above has ended a previous alignment prematurely,
you're probably due for more error messages, and you
might try typing `S' now just to see what is salvageable.

/Users/nikitakulikov/Documents/SWork/ReportAutumn2019/sections/formula.tex:24: Misplaced alignment tab character &.
l.24             0   &
                         \kp P /\sqrt{2} & 0 & R^\dagger & \stp  & U+V   & \...
I can't figure out why you would want to use a tab mark
here. If you just want an ampersand, the remedy is
simple: Just type `I\&' now. But if some right brace
up above has ended a previous alignment prematurely,
you're probably due for more error messages, and you
might try typing `S' now just to see what is salvageable.

/Users/nikitakulikov/Documents/SWork/ReportAutumn2019/sections/formula.tex:24: Misplaced alignment tab character &.
l.24             0   &   \kp P /\sqrt{2} &
                                           0 & R^\dagger & \stp  & U+V   & \...
I can't figure out why you would want to use a tab mark
here. If you just want an ampersand, the remedy is
simple: Just type `I\&' now. But if some right brace
up above has ended a previous alignment prematurely,
you're probably due for more error messages, and you
might try typing `S' now just to see what is salvageable.

/Users/nikitakulikov/Documents/SWork/ReportAutumn2019/sections/formula.tex:24: Misplaced alignment tab character &.
l.24             0   &   \kp P /\sqrt{2} & 0 &
                                               R^\dagger & \stp  & U+V   & \...
I can't figure out why you would want to use a tab mark
here. If you just want an ampersand, the remedy is
simple: Just type `I\&' now. But if some right brace
up above has ended a previous alignment prematurely,
you're probably due for more error messages, and you
might try typing `S' now just to see what is salvageable.

/Users/nikitakulikov/Documents/SWork/ReportAutumn2019/sections/formula.tex:24: Misplaced alignment tab character &.
l.24 ... 0   &   \kp P /\sqrt{2} & 0 & R^\dagger &
                                                   \stp  & U+V   & \sqrt{2} ...
I can't figure out why you would want to use a tab mark
here. If you just want an ampersand, the remedy is
simple: Just type `I\&' now. But if some right brace
up above has ended a previous alignment prematurely,
you're probably due for more error messages, and you
might try typing `S' now just to see what is salvageable.

/Users/nikitakulikov/Documents/SWork/ReportAutumn2019/sections/formula.tex:24: Misplaced alignment tab character &.
l.24 ... \kp P /\sqrt{2} & 0 & R^\dagger & \stp  &
                                                   U+V   & \sqrt{2} R^\dagge...
I can't figure out why you would want to use a tab mark
here. If you just want an ampersand, the remedy is
simple: Just type `I\&' now. But if some right brace
up above has ended a previous alignment prematurely,
you're probably due for more error messages, and you
might try typing `S' now just to see what is salvageable.

/Users/nikitakulikov/Documents/SWork/ReportAutumn2019/sections/formula.tex:24: Misplaced alignment tab character &.
l.24 ...\sqrt{2} & 0 & R^\dagger & \stp  & U+V   &
                                                   \sqrt{2} R^\dagger    & \...
I can't figure out why you would want to use a tab mark
here. If you just want an ampersand, the remedy is
simple: Just type `I\&' now. But if some right brace
up above has ended a previous alignment prematurely,
you're probably due for more error messages, and you
might try typing `S' now just to see what is salvageable.

/Users/nikitakulikov/Documents/SWork/ReportAutumn2019/sections/formula.tex:24: Misplaced alignment tab character &.
l.24 ... & \stp  & U+V   & \sqrt{2} R^\dagger    &
                                                   \stp/\sqrt{2}\\
I can't figure out why you would want to use a tab mark
here. If you just want an ampersand, the remedy is
simple: Just type `I\&' now. But if some right brace
up above has ended a previous alignment prematurely,
you're probably due for more error messages, and you
might try typing `S' now just to see what is salvageable.

/Users/nikitakulikov/Documents/SWork/ReportAutumn2019/sections/formula.tex:25: Misplaced alignment tab character &.
l.25             -\kz P /\sqrt{3}    &
                                       - \km P / \sqrt{3}    & \stm^\dagger ...
I can't figure out why you would want to use a tab mark
here. If you just want an ampersand, the remedy is
simple: Just type `I\&' now. But if some right brace
up above has ended a previous alignment prematurely,
you're probably due for more error messages, and you
might try typing `S' now just to see what is salvageable.

/Users/nikitakulikov/Documents/SWork/ReportAutumn2019/sections/formula.tex:25: Misplaced alignment tab character &.
l.25 ...z P /\sqrt{3}    & - \km P / \sqrt{3}    &
                                                   \stm^\dagger /\sqrt{2}   ...
I can't figure out why you would want to use a tab mark
here. If you just want an ampersand, the remedy is
simple: Just type `I\&' now. But if some right brace
up above has ended a previous alignment prematurely,
you're probably due for more error messages, and you
might try typing `S' now just to see what is salvageable.

/Users/nikitakulikov/Documents/SWork/ReportAutumn2019/sections/formula.tex:25: Misplaced alignment tab character &.
l.25 ... \sqrt{3}    & \stm^\dagger /\sqrt{2}    &
                                                   \sqrt{2} V    & - \sqrt{3...
I can't figure out why you would want to use a tab mark
here. If you just want an ampersand, the remedy is
simple: Just type `I\&' now. But if some right brace
up above has ended a previous alignment prematurely,
you're probably due for more error messages, and you
might try typing `S' now just to see what is salvageable.

/Users/nikitakulikov/Documents/SWork/ReportAutumn2019/sections/formula.tex:25: Misplaced alignment tab character &.
l.25 ...stm^\dagger /\sqrt{2}    & \sqrt{2} V    &
                                                   - \sqrt{3} \stp^\dagger /...
I can't figure out why you would want to use a tab mark
here. If you just want an ampersand, the remedy is
simple: Just type `I\&' now. But if some right brace
up above has ended a previous alignment prematurely,
you're probably due for more error messages, and you
might try typing `S' now just to see what is salvageable.

/Users/nikitakulikov/Documents/SWork/ReportAutumn2019/sections/formula.tex:25: Misplaced alignment tab character &.
l.25 ...V    & - \sqrt{3} \stp^\dagger /\sqrt{2} &
                                                   \sqrt{2} R    & U - \Delt...
I can't figure out why you would want to use a tab mark
here. If you just want an ampersand, the remedy is
simple: Just type `I\&' now. But if some right brace
up above has ended a previous alignment prematurely,
you're probably due for more error messages, and you
might try typing `S' now just to see what is salvageable.

/Users/nikitakulikov/Documents/SWork/ReportAutumn2019/sections/formula.tex:25: Misplaced alignment tab character &.
l.25 ...} \stp^\dagger /\sqrt{2} & \sqrt{2} R    &
                                                   U - \Delta    & C\\
I can't figure out why you would want to use a tab mark
here. If you just want an ampersand, the remedy is
simple: Just type `I\&' now. But if some right brace
up above has ended a previous alignment prematurely,
you're probably due for more error messages, and you
might try typing `S' now just to see what is salvageable.

/Users/nikitakulikov/Documents/SWork/ReportAutumn2019/sections/formula.tex:25: Misplaced alignment tab character &.
l.25 ...\sqrt{2} & \sqrt{2} R    & U - \Delta    &
                                                   C\\
I can't figure out why you would want to use a tab mark
here. If you just want an ampersand, the remedy is
simple: Just type `I\&' now. But if some right brace
up above has ended a previous alignment prematurely,
you're probably due for more error messages, and you
might try typing `S' now just to see what is salvageable.

/Users/nikitakulikov/Documents/SWork/ReportAutumn2019/sections/formula.tex:26: Misplaced alignment tab character &.
l.26             -\kp P /\sqrt{3}    &
                                       \kz P /\sqrt{3}   & - \sqrt{2} R^\dag...
I can't figure out why you would want to use a tab mark
here. If you just want an ampersand, the remedy is
simple: Just type `I\&' now. But if some right brace
up above has ended a previous alignment prematurely,
you're probably due for more error messages, and you
might try typing `S' now just to see what is salvageable.

/Users/nikitakulikov/Documents/SWork/ReportAutumn2019/sections/formula.tex:26: Misplaced alignment tab character &.
l.26 ... -\kp P /\sqrt{3}    & \kz P /\sqrt{3}   &
                                                   - \sqrt{2} R^\dagger  & -...
I can't figure out why you would want to use a tab mark
here. If you just want an ampersand, the remedy is
simple: Just type `I\&' now. But if some right brace
up above has ended a previous alignment prematurely,
you're probably due for more error messages, and you
might try typing `S' now just to see what is salvageable.

/Users/nikitakulikov/Documents/SWork/ReportAutumn2019/sections/formula.tex:26: Misplaced alignment tab character &.
l.26 ...kz P /\sqrt{3}   & - \sqrt{2} R^\dagger  &
                                                   -\sqrt{3} \stm^\dagger /\...
I can't figure out why you would want to use a tab mark
here. If you just want an ampersand, the remedy is
simple: Just type `I\&' now. But if some right brace
up above has ended a previous alignment prematurely,
you're probably due for more error messages, and you
might try typing `S' now just to see what is salvageable.

/Users/nikitakulikov/Documents/SWork/ReportAutumn2019/sections/formula.tex:26: Misplaced alignment tab character &.
l.26 ...ger  & -\sqrt{3} \stm^\dagger /\sqrt{2}  &
                                                   -\sqrt{2} V   & \stp^\dag...
I can't figure out why you would want to use a tab mark
here. If you just want an ampersand, the remedy is
simple: Just type `I\&' now. But if some right brace
up above has ended a previous alignment prematurely,
you're probably due for more error messages, and you
might try typing `S' now just to see what is salvageable.

/Users/nikitakulikov/Documents/SWork/ReportAutumn2019/sections/formula.tex:26: Misplaced alignment tab character &.
l.26 ... \stm^\dagger /\sqrt{2}  & -\sqrt{2} V   &
                                                   \stp^\dagger /\sqrt{2}   ...
I can't figure out why you would want to use a tab mark
here. If you just want an ampersand, the remedy is
simple: Just type `I\&' now. But if some right brace
up above has ended a previous alignment prematurely,
you're probably due for more error messages, and you
might try typing `S' now just to see what is salvageable.

/Users/nikitakulikov/Documents/SWork/ReportAutumn2019/sections/formula.tex:26: Misplaced alignment tab character &.
l.26 ...\sqrt{2} V   & \stp^\dagger /\sqrt{2}    &
                                                   C^\dagger & U - \Delta
I can't figure out why you would want to use a tab mark
here. If you just want an ampersand, the remedy is
simple: Just type `I\&' now. But if some right brace
up above has ended a previous alignment prematurely,
you're probably due for more error messages, and you
might try typing `S' now just to see what is salvageable.

/Users/nikitakulikov/Documents/SWork/ReportAutumn2019/sections/formula.tex:26: Misplaced alignment tab character &.
l.26 ... & \stp^\dagger /\sqrt{2}    & C^\dagger &
                                                   U - \Delta
I can't figure out why you would want to use a tab mark
here. If you just want an ampersand, the remedy is
simple: Just type `I\&' now. But if some right brace
up above has ended a previous alignment prematurely,
you're probably due for more error messages, and you
might try typing `S' now just to see what is salvageable.


/Users/nikitakulikov/Documents/SWork/ReportAutumn2019/sections/formula.tex:27: LaTeX Error: \begin{equation} on input line 16 ended by \end{bmatrix}.

See the LaTeX manual or LaTeX Companion for explanation.
Type  H <return>  for immediate help.
 ...                                              
                                                  
l.27         \end{bmatrix}
                          
Your command was ignored.
Type  I <command> <return>  to replace it with another command,
or  <return>  to continue without it.


Overfull \hbox (2036.97934pt too wide) detected at line 28
[] \OT1/cmr/m/n/14.4 = \OML/cmm/m/it/14.4 T\OT1/cmr/m/n/14.4 0 \OMS/cmsy/m/n/14.4 ^^@ \OML/cmm/m/it/14.4 Pk[]=[][]Pk[]=[]Pk[]=[]\OT1/cmr/m/n/14.4 0 \OMS/cmsy/m/n/14.4 ^^@ \OML/cmm/m/it/14.4 Pk[]=[] \OMS/cmsy/m/n/14.4 ^^@ \OML/cmm/m/it/14.4 Pk[]=[][] \OT1/cmr/m/n/14.4 0\OML/cmm/m/it/14.4 T\OT1/cmr/m/n/14.4 0 \OMS/cmsy/m/n/14.4 ^^@ \OML/cmm/m/it/14.4 Pk[]=[][]Pk[]=[]Pk[]=[] \OMS/cmsy/m/n/14.4 ^^@ \OML/cmm/m/it/14.4 Pk[]=[]Pk[]=[][]  \OMS/cmsy/m/n/14.4 ^^@ \OML/cmm/m/it/14.4 k[]P=[]\OT1/cmr/m/n/14.4 0\OML/cmm/m/it/14.4 U \OT1/cmr/m/n/14.4 + \OML/cmm/m/it/14.4 V \OMS/cmsy/m/n/14.4 ^^@ [][]\OML/cmm/m/it/14.4 R\OT1/cmr/m/n/14.4 0[][]\OML/cmm/m/it/14.4 =[] \OMS/cmsy/m/n/14.4 ^^@ []\OML/cmm/m/it/14.4 R[] []k[]P \OMS/cmsy/m/n/14.4 ^^@ \OML/cmm/m/it/14.4 k[]P=[] \OMS/cmsy/m/n/14.4 ^^@ [][]\OML/cmm/m/it/14.4 U \OMS/cmsy/m/n/14.4 ^^@ \OML/cmm/m/it/14.4 VCR[]V \OMS/cmsy/m/n/14.4 ^^@ [][]\OML/cmm/m/it/14.4 =[][] k[]P=[][]k[]P=[]R[]C[]U \OMS/cmsy/m/n/14.4 ^^@ \OML/cmm/m/it/14.4 V[][] \OMS/cmsy/m/n/14.4 ^^@ [][]\OML/cmm/m/it/14.4 =[] \OMS/cmsy/m/n/14.4 ^^@ []\OML/cmm/m/it/14.4 V[] \OT1/cmr/m/n/14.4 0\OML/cmm/m/it/14.4 k[]P=[]\OT1/cmr/m/n/14.4 0\OML/cmm/m/it/14.4 R[][][]U \OT1/cmr/m/n/14.4 + \OML/cmm/m/it/14.4 V[]R[][][]=[][]  \OMS/cmsy/m/n/14.4 ^^@ \OML/cmm/m/it/14.4 k[]P=[] \OMS/cmsy/m/n/14.4 ^^@ \OML/cmm/m/it/14.4 k[]P=[][][]=[][]V \OMS/cmsy/m/n/14.4 ^^@ [][][]\OML/cmm/m/it/14.4 =[][]RU \OMS/cmsy/m/n/14.4 ^^@ \OT1/cmr/m/n/14.4 ^^A\OML/cmm/m/it/14.4 C[]  \OMS/cmsy/m/n/14.4 ^^@ \OML/cmm/m/it/14.4 k[]P=[]k[]P=[] \OMS/cmsy/m/n/14.4 ^^@ []\OML/cmm/m/it/14.4 R[] \OMS/cmsy/m/n/14.4 ^^@ [][][]\OML/cmm/m/it/14.4 =[] \OMS/cmsy/m/n/14.4 ^^@ []\OML/cmm/m/it/14.4 V[][]=[]C[]U \OMS/cmsy/m/n/14.4 ^^@ \OT1/cmr/m/n/14.4 ^^A
 []

[1

{/usr/local/texlive/2019/texmf-var/fonts/map/pdftex/updmap/pdftex.map}] (/Users/nikitakulikov/Documents/SWork/ReportAutumn2019/sections/formula.aux) ) 
Here is how much of TeX's memory you used:
 296 strings out of 492616
 5683 string characters out of 6129481
 64569 words of memory out of 5000000
 4290 multiletter control sequences out of 15000+600000
 5004 words of font info for 19 fonts, out of 8000000 for 9000
 1141 hyphenation exceptions out of 8191
 25i,4n,22p,276b,107s stack positions out of 5000i,500n,10000p,200000b,80000s
</usr/local/texlive/2019/texmf-dist/fonts/type1/public/amsfonts/cm/cmex10.pfb></usr/local/texlive/2019/texmf-dist/fonts/type1/public/amsfonts/cm/cmmi10.pfb></usr/local/texlive/2019/texmf-dist/fonts/type1/public/amsfonts/cm/cmmi12.pfb></usr/local/texlive/2019/texmf-dist/fonts/type1/public/amsfonts/cm/cmr10.pfb></usr/local/texlive/2019/texmf-dist/fonts/type1/public/amsfonts/cm/cmr12.pfb></usr/local/texlive/2019/texmf-dist/fonts/type1/public/amsfonts/cm/cmsy10.pfb>
Output written on /Users/nikitakulikov/Documents/SWork/ReportAutumn2019/sections/formula.pdf (1 page, 49633 bytes).
PDF statistics:
 32 PDF objects out of 1000 (max. 8388607)
 22 compressed objects within 1 object stream
 0 named destinations out of 1000 (max. 500000)
 1 words of extra memory for PDF output out of 10000 (max. 10000000)

